calling index_ints
calling cumsum: N = 4119116692
malloc_longs: n = 4119116693
malloc_longs: done
malloc_ints: n = 64742
malloc_ints: done
malloc_ints: n = 32407
malloc_ints: done
malloc_ints: n = 32424
malloc_ints: done
malloc_ints: n = 32388
malloc_ints: done
malloc_ints: n = 32583
malloc_ints: done
malloc_ints: n = 32458
malloc_ints: done
malloc_ints: n = 32405
malloc_ints: done
malloc_ints: n = 32417
malloc_ints: done
malloc_ints: n = 32417
malloc_ints: done
malloc_ints: n = 32383
malloc_ints: done
malloc_ints: n = 64742
malloc_ints: done
malloc_ints: n = 36513
malloc_ints: done
malloc_ints: n = 32458
malloc_ints: done
malloc_ints: n = 32611
malloc_ints: done
malloc_ints: n = 32406
malloc_ints: done
malloc_ints: n = 33011
malloc_ints: done
malloc_ints: n = 35072
malloc_ints: done
malloc_ints: n = 35822
malloc_ints: done
malloc_ints: n = 32386
malloc_ints: done
malloc_ints: n = 39336
malloc_ints: done
