vec_to_kmeans.py: sys.argv = ['/work/k.church/githubs/JSALT_Better_Together/src/Annika/vec_to_kmeans.py', '--output_centroids', '--verbose', '--seed', '11', '-K', '18']
labfreqs: [36 60 25 15  9  9 27 34  5  5 33  1 13  2  5 11  1 57]
[[ 1.     0.047  0.954  0.906  0.921  0.822  0.918  0.964  0.849  0.779  0.943  0.572  0.846  0.308  0.729  0.814  0.544  0.926]
 [ 0.047  1.     0.068  0.165  0.084  0.07  -0.001  0.022  0.084  0.098  0.023  0.145  0.173  0.178  0.105 -0.033  0.111  0.005]
 [ 0.954  0.068  1.     0.813  0.93   0.697  0.936  0.972  0.763  0.676  0.913  0.424  0.918  0.244  0.619  0.785  0.459  0.972]
 [ 0.906  0.165  0.813  1.     0.834  0.808  0.708  0.821  0.865  0.837  0.882  0.73   0.803  0.395  0.871  0.61   0.692  0.717]
 [ 0.921  0.084  0.93   0.834  1.     0.815  0.907  0.875  0.708  0.724  0.838  0.415  0.915  0.289  0.619  0.84   0.48   0.873]
 [ 0.822  0.07   0.697  0.808  0.815  1.     0.791  0.719  0.659  0.715  0.723  0.481  0.6    0.352  0.673  0.857  0.457  0.683]
 [ 0.918 -0.001  0.936  0.708  0.907  0.791  1.     0.925  0.658  0.62   0.829  0.296  0.781  0.225  0.495  0.942  0.328  0.968]
 [ 0.964  0.022  0.972  0.821  0.875  0.719  0.925  1.     0.812  0.681  0.965  0.495  0.831  0.266  0.677  0.782  0.456  0.968]
 [ 0.849  0.084  0.763  0.865  0.708  0.659  0.658  0.812  1.     0.806  0.857  0.722  0.711  0.376  0.817  0.533  0.726  0.7  ]
 [ 0.779  0.098  0.676  0.837  0.724  0.715  0.62   0.681  0.806  1.     0.713  0.625  0.661  0.349  0.716  0.555  0.66   0.607]
 [ 0.943  0.023  0.913  0.882  0.838  0.723  0.829  0.965  0.857  0.713  1.     0.601  0.805  0.296  0.785  0.688  0.531  0.872]
 [ 0.572  0.145  0.424  0.73   0.415  0.481  0.296  0.495  0.722  0.625  0.601  1.     0.445  0.26   0.817  0.205  0.595  0.332]
 [ 0.846  0.173  0.918  0.803  0.915  0.6    0.781  0.831  0.711  0.661  0.805  0.445  1.     0.245  0.605  0.614  0.545  0.813]
 [ 0.308  0.178  0.244  0.395  0.289  0.352  0.225  0.266  0.376  0.349  0.296  0.26   0.245  1.     0.284  0.242  0.205  0.222]
 [ 0.729  0.105  0.619  0.871  0.619  0.673  0.495  0.677  0.817  0.716  0.785  0.817  0.605  0.284  1.     0.39   0.673  0.524]
 [ 0.814 -0.033  0.785  0.61   0.84   0.857  0.942  0.782  0.533  0.555  0.688  0.205  0.614  0.242  0.39   1.     0.24   0.839]
 [ 0.544  0.111  0.459  0.692  0.48   0.457  0.328  0.456  0.726  0.66   0.531  0.595  0.545  0.205  0.673  0.24   1.     0.349]
 [ 0.926  0.005  0.972  0.717  0.873  0.683  0.968  0.968  0.7    0.607  0.872  0.332  0.813  0.222  0.524  0.839  0.349  1.   ]]
