vec_to_kmeans.py: sys.argv = ['/work/k.church/githubs/JSALT_Better_Together/src/Annika/vec_to_kmeans.py', '--output_centroids', '--verbose', '--seed', '11', '-K', '19']
labfreqs: [37 60 25 10  9 10 27 34  5  4 32  1 12  2  5 10  1 57  7]
[[ 1.     0.05   0.954  0.881  0.92   0.81   0.912  0.964  0.855  0.754  0.945  0.582  0.838  0.311  0.735  0.814  0.552  0.923  0.917]
 [ 0.05   1.     0.068  0.16   0.084  0.057 -0.001  0.022  0.084  0.079  0.022  0.145  0.173  0.178  0.105 -0.03   0.111  0.005  0.153]
 [ 0.954  0.068  1.     0.77   0.93   0.692  0.936  0.972  0.763  0.646  0.913  0.424  0.914  0.244  0.619  0.799  0.459  0.972  0.855]
 [ 0.881  0.16   0.77   1.     0.787  0.766  0.655  0.793  0.869  0.793  0.872  0.754  0.737  0.37   0.908  0.557  0.696  0.669  0.909]
 [ 0.92   0.084  0.93   0.787  1.     0.816  0.907  0.875  0.708  0.697  0.838  0.415  0.913  0.289  0.619  0.844  0.48   0.873  0.877]
 [ 0.81   0.057  0.692  0.766  0.816  1.     0.799  0.716  0.644  0.682  0.719  0.459  0.58   0.337  0.652  0.866  0.434  0.683  0.797]
 [ 0.912 -0.001  0.936  0.655  0.907  0.799  1.     0.925  0.658  0.595  0.829  0.296  0.779  0.225  0.495  0.951  0.328  0.968  0.784]
 [ 0.964  0.022  0.972  0.793  0.875  0.716  0.925  1.     0.812  0.657  0.965  0.495  0.821  0.266  0.677  0.793  0.456  0.968  0.834]
 [ 0.855  0.084  0.763  0.869  0.708  0.644  0.658  0.812  1.     0.793  0.854  0.722  0.691  0.376  0.817  0.539  0.726  0.7    0.818]
 [ 0.754  0.079  0.646  0.793  0.697  0.682  0.595  0.657  0.793  1.     0.686  0.625  0.611  0.335  0.705  0.535  0.633  0.581  0.815]
 [ 0.945  0.022  0.913  0.872  0.838  0.719  0.829  0.965  0.854  0.686  1.     0.597  0.79   0.294  0.782  0.69   0.526  0.873  0.839]
 [ 0.582  0.145  0.424  0.754  0.415  0.459  0.296  0.495  0.722  0.625  0.597  1.     0.419  0.26   0.817  0.203  0.595  0.332  0.626]
 [ 0.838  0.173  0.914  0.737  0.913  0.58   0.779  0.821  0.691  0.611  0.79   0.419  1.     0.234  0.588  0.626  0.529  0.81   0.827]
 [ 0.311  0.178  0.244  0.37   0.289  0.337  0.225  0.266  0.376  0.335  0.294  0.26   0.234  1.     0.284  0.247  0.205  0.222  0.402]
 [ 0.735  0.105  0.619  0.908  0.619  0.652  0.495  0.677  0.817  0.705  0.782  0.817  0.588  0.284  1.     0.388  0.673  0.524  0.743]
 [ 0.814 -0.03   0.799  0.557  0.844  0.866  0.951  0.793  0.539  0.535  0.69   0.203  0.626  0.247  0.388  1.     0.244  0.856  0.703]
 [ 0.552  0.111  0.459  0.696  0.48   0.434  0.328  0.456  0.726  0.633  0.526  0.595  0.529  0.205  0.673  0.244  1.     0.349  0.653]
 [ 0.923  0.005  0.972  0.669  0.873  0.683  0.968  0.968  0.7    0.581  0.873  0.332  0.81   0.222  0.524  0.856  0.349  1.     0.779]
 [ 0.917  0.153  0.855  0.909  0.877  0.797  0.784  0.834  0.818  0.815  0.839  0.626  0.827  0.402  0.743  0.703  0.653  0.779  1.   ]]
