vec_to_kmeans.py: sys.argv = ['/work/k.church/githubs/JSALT_Better_Together/src/Annika/vec_to_kmeans.py', '--output_centroids', '--verbose', '--seed', '11', '-K', '20']
labfreqs: [36 60 33  8  9 10 28 30  5  4 13  1 12  2  3 10  1 45  6 32]
[[ 1.000e+00  5.352e-02  9.635e-01  8.660e-01  9.184e-01  8.098e-01  9.170e-01  9.371e-01  8.547e-01  7.572e-01  9.177e-01  5.811e-01  8.353e-01  3.087e-01  6.661e-01  8.155e-01  5.521e-01
   9.243e-01  9.038e-01  9.496e-01]
 [ 5.352e-02  1.000e+00  5.849e-02  1.819e-01  8.367e-02  5.671e-02 -6.998e-04  1.447e-02  8.361e-02  7.902e-02  5.797e-02  1.452e-01  1.731e-01  1.779e-01  1.426e-01 -2.971e-02  1.110e-01
   5.187e-03  1.653e-01  1.043e-02]
 [ 9.635e-01  5.849e-02  1.000e+00  7.705e-01  9.288e-01  7.083e-01  9.409e-01  9.749e-01  7.758e-01  6.570e-01  8.547e-01  4.438e-01  9.029e-01  2.502e-01  5.626e-01  8.044e-01  4.648e-01
   9.721e-01  8.470e-01  9.466e-01]
 [ 8.660e-01  1.819e-01  7.705e-01  1.000e+00  7.790e-01  7.631e-01  6.469e-01  7.111e-01  8.574e-01  7.938e-01  9.257e-01  7.453e-01  7.337e-01  3.882e-01  8.684e-01  5.472e-01  6.970e-01
   6.488e-01  9.133e-01  8.302e-01]
 [ 9.184e-01  8.367e-02  9.288e-01  7.790e-01  1.000e+00  8.164e-01  9.094e-01  8.580e-01  7.079e-01  6.970e-01  7.964e-01  4.145e-01  9.134e-01  2.889e-01  5.669e-01  8.440e-01  4.800e-01
   8.772e-01  8.676e-01  8.506e-01]
 [ 8.098e-01  5.671e-02  7.083e-01  7.631e-01  8.164e-01  1.000e+00  8.010e-01  6.839e-01  6.436e-01  6.822e-01  7.441e-01  4.589e-01  5.799e-01  3.372e-01  6.112e-01  8.656e-01  4.342e-01
   6.851e-01  7.846e-01  7.155e-01]
 [ 9.170e-01 -6.998e-04  9.409e-01  6.469e-01  9.094e-01  8.010e-01  1.000e+00  9.393e-01  6.621e-01  5.979e-01  7.481e-01  3.005e-01  7.814e-01  2.295e-01  4.215e-01  9.500e-01  3.316e-01
   9.711e-01  7.649e-01  8.603e-01]
 [ 9.371e-01  1.447e-02  9.749e-01  7.111e-01  8.580e-01  6.839e-01  9.393e-01  1.000e+00  7.698e-01  6.110e-01  8.518e-01  4.272e-01  8.057e-01  2.500e-01  5.362e-01  8.067e-01  4.031e-01
   9.773e-01  7.735e-01  9.548e-01]
 [ 8.547e-01  8.361e-02  7.758e-01  8.574e-01  7.079e-01  6.436e-01  6.621e-01  7.698e-01  1.000e+00  7.925e-01  9.015e-01  7.216e-01  6.908e-01  3.765e-01  7.630e-01  5.388e-01  7.264e-01
   6.933e-01  8.124e-01  8.349e-01]
 [ 7.572e-01  7.902e-02  6.570e-01  7.938e-01  6.970e-01  6.822e-01  5.979e-01  6.110e-01  7.925e-01  1.000e+00  7.493e-01  6.251e-01  6.109e-01  3.353e-01  6.833e-01  5.355e-01  6.325e-01
   5.822e-01  8.066e-01  6.682e-01]
 [ 9.177e-01  5.797e-02  8.547e-01  9.257e-01  7.964e-01  7.441e-01  7.481e-01  8.518e-01  9.015e-01  7.493e-01  1.000e+00  7.209e-01  7.347e-01  3.131e-01  8.403e-01  6.214e-01  6.367e-01
   7.641e-01  8.489e-01  9.464e-01]
 [ 5.811e-01  1.452e-01  4.438e-01  7.453e-01  4.145e-01  4.589e-01  3.005e-01  4.272e-01  7.216e-01  6.251e-01  7.209e-01  1.000e+00  4.190e-01  2.595e-01  8.203e-01  2.034e-01  5.945e-01
   3.239e-01  6.352e-01  5.594e-01]
 [ 8.353e-01  1.731e-01  9.029e-01  7.337e-01  9.134e-01  5.799e-01  7.814e-01  8.057e-01  6.908e-01  6.109e-01  7.347e-01  4.190e-01  1.000e+00  2.344e-01  5.432e-01  6.258e-01  5.292e-01
   8.115e-01  8.275e-01  8.046e-01]
 [ 3.087e-01  1.779e-01  2.502e-01  3.882e-01  2.889e-01  3.372e-01  2.295e-01  2.500e-01  3.765e-01  3.353e-01  3.131e-01  2.595e-01  2.344e-01  1.000e+00  2.844e-01  2.472e-01  2.049e-01
   2.205e-01  4.165e-01  2.814e-01]
 [ 6.661e-01  1.426e-01  5.626e-01  8.684e-01  5.669e-01  6.112e-01  4.215e-01  5.362e-01  7.630e-01  6.833e-01  8.403e-01  8.203e-01  5.432e-01  2.844e-01  1.000e+00  3.151e-01  6.436e-01
   4.338e-01  7.063e-01  6.683e-01]
 [ 8.155e-01 -2.971e-02  8.044e-01  5.472e-01  8.440e-01  8.656e-01  9.500e-01  8.067e-01  5.388e-01  5.355e-01  6.214e-01  2.034e-01  6.258e-01  2.472e-01  3.151e-01  1.000e+00  2.436e-01
   8.613e-01  6.778e-01  7.172e-01]
 [ 5.521e-01  1.110e-01  4.648e-01  6.970e-01  4.800e-01  4.342e-01  3.316e-01  4.031e-01  7.264e-01  6.325e-01  6.367e-01  5.945e-01  5.292e-01  2.049e-01  6.436e-01  2.436e-01  1.000e+00
   3.468e-01  6.609e-01  4.950e-01]
 [ 9.243e-01  5.187e-03  9.721e-01  6.488e-01  8.772e-01  6.851e-01  9.711e-01  9.773e-01  6.933e-01  5.822e-01  7.641e-01  3.239e-01  8.115e-01  2.205e-01  4.338e-01  8.613e-01  3.468e-01
   1.000e+00  7.593e-01  8.930e-01]
 [ 9.038e-01  1.653e-01  8.470e-01  9.133e-01  8.676e-01  7.846e-01  7.649e-01  7.735e-01  8.124e-01  8.066e-01  8.489e-01  6.352e-01  8.275e-01  4.165e-01  7.063e-01  6.778e-01  6.609e-01
   7.593e-01  1.000e+00  8.250e-01]
 [ 9.496e-01  1.043e-02  9.466e-01  8.302e-01  8.506e-01  7.155e-01  8.603e-01  9.548e-01  8.349e-01  6.682e-01  9.464e-01  5.594e-01  8.046e-01  2.814e-01  6.683e-01  7.172e-01  4.950e-01
   8.930e-01  8.250e-01  1.000e+00]]
