cluster 1
Two-stage consumer credit risk modelling using heterogeneous ensemble learning
Development and application of consumer credit scoring models using profit-based classification measures
A novel tree-based dynamic heterogeneous ensemble method for credit scoring
A Comparative Performance Assessment of Ensemble Learning for Credit Scoring
Heterogeneous Ensemble for Default Prediction of Peer-to-Peer Lending in China
A novel multi-stage ensemble model with enhanced outlier adaptation for credit scoring
An Empirical Comparison of Machine-Learning Methods on Bank Client Credit Assessments
Credit scoring: comparison of non‐parametric techniques against logistic regression
Multi-view ensemble learning based on distance-to-model and adaptive clustering for imbalanced credit risk assessment in P2P lending
Decision Trees as Interpretable Bank Credit Scoring Models
cluster 2
Low Frequency Names Exhibit Bias and Overfitting in Contextualizing Language Models
The Woman Worked as a Babysitter: On Biases in Language Generation
Social Bias Frames: Reasoning about Social and Power Implications of Language
Uncovering Implicit Gender Bias in Narratives through Commonsense Inference
WECHSEL: Effective initialization of subword embeddings for cross-lingual transfer of monolingual language models
Social Bias in Elicited Natural Language Inferences
Hypothesis Only Baselines in Natural Language Inference
Counterfactual Data Augmentation for Mitigating Gender Stereotypes in Languages with Rich Morphology
Stress Test Evaluation for Natural Language Inference
Semantic Matching from Different Perspectives
cluster 3
Modeling Deliberative Argumentation Strategies on Wikipedia
Towards a Cross-article Narrative Comparison of News
Characterizing Interactions and Relationships between People
Argument Mining from Speech: Detecting Claims in Political Debates
Detecting Everyday Scenarios in Narrative Texts
Veracity Enriched Event Extraction
ChangeMyView Through Concessions: Do Concessions Increase Persuasion?
Don’t Let Me Be Misunderstood:Comparing Intentions and Perceptions in Online Discussions
Automated Pop-Up Fact-Checking : Challenges & Progress
This Just In: Fake News Packs a Lot in Title, Uses Simpler, Repetitive Content in Text Body, More Similar to Satire than Real News
cluster 4
Stereotypical Bias Removal for Hate Speech Detection Task using Knowledge-based Generalizations
Multilingual Twitter Corpus and Baselines for Evaluating Demographic Bias in Hate Speech Recognition
Predictive Biases in Natural Language Processing Models: A Conceptual Framework and Overview
A Survey of Race, Racism, and Anti-Racism in NLP
Man is to Person as Woman is to Location: Measuring Gender Bias in Named Entity Recognition
Quantifying Social Biases in NLP: A Generalization and Empirical Comparison of Extrinsic Fairness Metrics
Defining and Evaluating Fair Natural Language Generation
Comparative Evaluation of Label Agnostic Selection Bias in Multilingual Hate Speech Datasets
Towards an Enhanced Understanding of Bias in Pre-trained Neural Language Models: A Survey with Special Emphasis on Affective Bias
Do Neural Ranking Models Intensify Gender Bias?
